2026-07-14 13:59:25: Server running in development mode on port 5000
2026-07-14 14:09:28: Server running in development mode on port 5000
2026-07-14 14:15:51: [DEVELOPMENT MODE] OTP Code sent to 8758145858 (purpose: membership, method: sms): 123456
2026-07-14 14:15:51: [0mPOST /api/auth/send-otp [32m200[0m 160.187 ms - 79[0m
2026-07-14 14:15:57: [0mPOST /api/auth/verify-otp [32m200[0m 9.965 ms - 245[0m
2026-07-14 14:17:59: [0mPOST /api/membership/register [32m200[0m 11.160 ms - 267[0m
2026-07-14 14:17:59: [0mPOST /api/membership/create-order [32m200[0m 295.856 ms - 154[0m
2026-07-14 14:19:14: [0mPOST /api/donations/create-order [32m200[0m 146.705 ms - 152[0m
2026-07-14 14:21:14: [0mPOST /api/donations/create-order [32m200[0m 138.131 ms - 152[0m
2026-07-14 14:22:44: [DEVELOPMENT MODE] OTP Code sent to 8758145858 (purpose: membership, method: sms): 123456
2026-07-14 14:22:44: [0mPOST /api/auth/send-otp [32m200[0m 115.560 ms - 79[0m
2026-07-14 14:22:53: [0mPOST /api/auth/verify-otp [33m400[0m 124.355 ms - 54[0m
2026-07-14 14:22:57: [0mPOST /api/auth/verify-otp [32m200[0m 1.827 ms - 245[0m
2026-07-14 14:23:49: [0mPOST /api/membership/register [32m200[0m 37.839 ms - 269[0m
2026-07-14 14:23:49: [0mPOST /api/membership/create-order [32m200[0m 182.364 ms - 155[0m
2026-07-14 14:41:55: [0mPOST /api/auth/login [0m-[0m - ms - -[0m
2026-07-14 15:21:11: [0mPOST /api/auth/login [31m500[0m 10012.658 ms - 441[0m
2026-07-14 15:21:25: [0mPOST /api/auth/login [31m500[0m 10018.425 ms - 441[0m
2026-07-14 15:22:02: [0mPOST /api/auth/login [31m500[0m 10003.988 ms - 441[0m
2026-07-14 18:14:39: [DEVELOPMENT MODE] OTP Code sent to 8758145858 (purpose: certificate-verification, method: sms): 123456
2026-07-14 18:14:39: [0mPOST /api/auth/send-otp [32m200[0m 166.448 ms - 79[0m
2026-07-14 18:14:49: [0mPOST /api/auth/verify-otp [32m200[0m 16.270 ms - 245[0m
2026-07-14 19:05:12: [0mGET /api/festivals/home [33m404[0m 38.980 ms - 157[0m
2026-07-14 19:05:12: [0mGET /api/festivals/home [33m404[0m 2.079 ms - 157[0m
2026-07-14 19:05:49: [0mGET /api/festivals/home [33m404[0m 0.624 ms - 157[0m
2026-07-14 19:05:49: [0mGET /api/festivals/home [33m404[0m 0.781 ms - 157[0m
2026-07-14 19:06:18: [0mGET /api/festivals?month=2027-07 [33m404[0m 1.181 ms - 152[0m
2026-07-14 19:06:18: [0mGET /api/festivals?month=2027-07 [33m404[0m 0.547 ms - 152[0m
2026-07-14 19:06:25: [0mGET /api/festivals/home [33m404[0m 0.538 ms - 157[0m
2026-07-14 19:06:25: [0mGET /api/festivals/home [33m404[0m 0.540 ms - 157[0m
2026-07-14 19:10:29: [0mGET /api/festivals/home [33m404[0m 5.226 ms - 157[0m
2026-07-14 19:10:29: [0mGET /api/festivals/home [33m404[0m 1.250 ms - 157[0m
2026-07-14 19:10:58: [0mPOST /api/donations/create-order [32m200[0m 337.764 ms - 151[0m
2026-07-15 09:57:14: Server running in development mode on port 5000
2026-07-15 10:03:38: [0mGET /api/festivals/home [31m500[0m 10074.880 ms - 443[0m
2026-07-15 10:03:48: [0mGET /api/festivals/home [31m500[0m 10037.760 ms - 443[0m
2026-07-15 10:11:32: [0mGET /api/festivals/home [31m500[0m 10012.985 ms - 443[0m
2026-07-15 10:11:42: [0mGET /api/festivals/home [31m500[0m 10018.497 ms - 443[0m
2026-07-15 10:14:07: [0mPOST /api/auth/login [31m500[0m 10065.126 ms - 441[0m
2026-07-15 11:38:06: [0mGET /api/health [32m200[0m 5.231 ms - 61[0m
2026-07-15 11:38:06: [0mGET /favicon.ico [33m404[0m 8.811 ms - 150[0m
2026-07-15 11:38:52: [0mPOST /api/auth/login [31m500[0m 10014.755 ms - 441[0m
2026-07-15 11:44:07: Server running in development mode on port 5000
2026-07-15 11:44:07: MongoDB Connected: ac-dgo49yj-shard-00-00.pryutjv.mongodb.net
2026-07-15 11:45:06: [0mPOST /api/auth/login [32m200[0m 225.392 ms - 391[0m
2026-07-15 11:45:06: [0mGET /api/admin/me [32m200[0m 37.201 ms - 191[0m
2026-07-15 11:45:06: [0mGET /api/admin/dashboard/stats [32m200[0m 547.175 ms - 1221[0m
2026-07-15 11:45:07: [0mGET /api/admin/dashboard/stats [36m304[0m 500.872 ms - -[0m
2026-07-15 11:45:27: [0mGET /api/admin/donations?page=1&limit=10&search=&status=&paymentMode=&startDate=&endDate= [32m200[0m 77.756 ms - 51[0m
2026-07-15 11:45:27: [0mGET /api/admin/donations?page=1&limit=10&search=&status=&paymentMode=&startDate=&endDate= [36m304[0m 71.837 ms - -[0m
2026-07-15 11:45:28: [0mGET /api/admin/members?page=1&limit=10&search=&category=&zone= [32m200[0m 70.084 ms - 789[0m
2026-07-15 11:45:28: [0mGET /api/admin/members?page=1&limit=10&search=&category=&zone= [36m304[0m 75.098 ms - -[0m
2026-07-15 11:45:45: [0mPUT /api/admin/members/6a54dd49d040a55a27e93bd0 [32m200[0m 128.732 ms - 765[0m
2026-07-15 11:45:45: [0mGET /api/admin/members?page=1&limit=10&search=&category=&zone= [32m200[0m 74.506 ms - 788[0m
2026-07-15 11:45:54: [0mPUT /api/admin/members/6a54dd49d040a55a27e93bd0 [32m200[0m 102.902 ms - 775[0m
2026-07-15 11:45:54: [0mGET /api/admin/members?page=1&limit=10&search=&category=&zone= [32m200[0m 71.146 ms - 798[0m
2026-07-15 11:46:07: [0mDELETE /api/admin/members/6a54dd49d040a55a27e93bd0 [32m200[0m 156.669 ms - 57[0m
2026-07-15 11:46:07: [0mGET /api/admin/members?page=1&limit=10&search=&category=&zone= [32m200[0m 78.583 ms - 49[0m
2026-07-15 11:46:29: [0mGET /api/admin/dashboard/stats [32m200[0m 483.724 ms - 481[0m
2026-07-15 11:46:29: [0mGET /api/admin/dashboard/stats [36m304[0m 477.880 ms - -[0m
2026-07-15 11:46:31: [0mGET /api/admin/donations?page=1&limit=10&search=&status=&paymentMode=&startDate=&endDate= [36m304[0m 72.760 ms - -[0m
2026-07-15 11:46:31: [0mGET /api/admin/donations?page=1&limit=10&search=&status=&paymentMode=&startDate=&endDate= [36m304[0m 70.434 ms - -[0m
2026-07-15 11:46:34: [0mGET /api/admin/members?page=1&limit=10&search=&category=&zone= [36m304[0m 71.405 ms - -[0m
2026-07-15 11:46:34: [0mGET /api/admin/members?page=1&limit=10&search=&category=&zone= [36m304[0m 65.773 ms - -[0m
2026-07-15 11:46:36: [0mGET /api/admin/donations?page=1&limit=10&search=&status=&paymentMode=&startDate=&endDate= [36m304[0m 72.676 ms - -[0m
2026-07-15 11:46:36: [0mGET /api/admin/donations?page=1&limit=10&search=&status=&paymentMode=&startDate=&endDate= [36m304[0m 71.068 ms - -[0m
2026-07-15 11:46:38: [0mGET /api/admin/dashboard/stats [36m304[0m 487.760 ms - -[0m
2026-07-15 11:46:38: [0mGET /api/admin/dashboard/stats [36m304[0m 485.660 ms - -[0m
2026-07-15 11:46:45: [0mGET /api/admin/donations?page=1&limit=10&search=&status=&paymentMode=&startDate=&endDate= [36m304[0m 73.766 ms - -[0m
2026-07-15 11:46:45: [0mGET /api/admin/donations?page=1&limit=10&search=&status=&paymentMode=&startDate=&endDate= [36m304[0m 66.164 ms - -[0m
2026-07-15 11:46:46: [0mGET /api/admin/dashboard/stats [36m304[0m 492.201 ms - -[0m
2026-07-15 11:46:47: [0mGET /api/admin/dashboard/stats [36m304[0m 486.505 ms - -[0m
2026-07-15 11:46:49: [0mGET /api/admin/donations?page=1&limit=10&search=&status=&paymentMode=&startDate=&endDate= [36m304[0m 70.719 ms - -[0m
2026-07-15 11:46:49: [0mGET /api/admin/donations?page=1&limit=10&search=&status=&paymentMode=&startDate=&endDate= [36m304[0m 67.586 ms - -[0m
2026-07-15 11:46:50: [0mGET /api/admin/dashboard/stats [36m304[0m 503.593 ms - -[0m
2026-07-15 11:46:51: [0mGET /api/admin/dashboard/stats [36m304[0m 469.344 ms - -[0m
2026-07-15 11:50:03: [0mGET /api/admin/reports?startDate=&endDate=&campaign=&memberCategory= [32m200[0m 117.028 ms - 108[0m
2026-07-15 11:50:03: [0mGET /api/admin/reports?startDate=&endDate=&campaign=&memberCategory= [36m304[0m 109.991 ms - -[0m
2026-07-15 11:50:13: [0mGET /api/admin/audit-logs?page=1&limit=20&search= [32m200[0m 110.986 ms - 4689[0m
2026-07-15 11:50:13: [0mGET /api/admin/audit-logs?page=1&limit=20&search= [36m304[0m 97.324 ms - -[0m
2026-07-15 11:50:19: [0mGET /api/admin/festivals [32m200[0m 49.419 ms - 36[0m
2026-07-15 11:50:19: [0mGET /api/admin/festivals [36m304[0m 48.724 ms - -[0m
2026-07-15 11:50:22: [0mGET /api/admin/newsletter/subscribers?page=1&limit=10&search=&status= [32m200[0m 75.258 ms - 53[0m
2026-07-15 11:50:22: [0mGET /api/admin/newsletter/subscribers?page=1&limit=10&search=&status= [36m304[0m 86.973 ms - -[0m
2026-07-15 11:50:25: [0mGET /api/admin/newsletter/subscribers?page=1&limit=10&search=&status=active [32m200[0m 69.310 ms - 53[0m
2026-07-15 11:50:27: [0mGET /api/admin/newsletter/subscribers?page=1&limit=10&search=&status=unsubscribed [32m200[0m 68.379 ms - 53[0m
2026-07-15 11:50:28: [0mGET /api/admin/contact-enquiries?page=1&limit=10&search=&status= [32m200[0m 74.752 ms - 51[0m
2026-07-15 11:50:28: [0mGET /api/admin/contact-enquiries?page=1&limit=10&search=&status= [36m304[0m 72.986 ms - -[0m
2026-07-15 11:50:30: [0mGET /api/admin/csr-enquiries?page=1&limit=10&search=&status= [32m200[0m 75.635 ms - 51[0m
2026-07-15 11:50:30: [0mGET /api/admin/csr-enquiries?page=1&limit=10&search=&status= [36m304[0m 63.117 ms - -[0m
2026-07-15 11:50:35: [0mGET /api/admin/me [36m304[0m 25.454 ms - -[0m
2026-07-15 11:50:35: [0mGET /api/admin/me [36m304[0m 26.097 ms - -[0m
2026-07-15 11:50:36: [0mGET /api/admin/dashboard/stats [36m304[0m 494.600 ms - -[0m
2026-07-15 11:50:37: [0mGET /api/admin/dashboard/stats [36m304[0m 483.040 ms - -[0m
2026-07-15 11:51:32: [0mGET /api/festivals/home [32m200[0m 48.274 ms - 36[0m
2026-07-15 11:51:32: [0mGET /api/festivals/home [36m304[0m 47.550 ms - -[0m
2026-07-15 11:52:42: [DEVELOPMENT MODE] OTP Code sent to 8758145858 (purpose: membership, method: sms): 123456
2026-07-15 11:52:42: [0mPOST /api/auth/send-otp [32m200[0m 193.562 ms - 79[0m
2026-07-15 11:53:23: [0mPOST /api/auth/verify-otp [32m200[0m 27.643 ms - 245[0m
2026-07-15 11:54:14: [0mPOST /api/membership/register [32m200[0m 147.623 ms - 271[0m
2026-07-15 11:54:14: [0mPOST /api/membership/create-order [32m200[0m 213.636 ms - 156[0m
2026-07-15 11:54:31: [0mGET /api/admin/me [36m304[0m 24.865 ms - -[0m
2026-07-15 11:54:31: [0mGET /api/admin/me [36m304[0m 32.468 ms - -[0m
2026-07-15 11:54:31: [0mGET /api/admin/csr-enquiries?page=1&limit=10&search=&status= [36m304[0m 73.088 ms - -[0m
2026-07-15 11:54:31: [0mGET /api/admin/csr-enquiries?page=1&limit=10&search=&status= [36m304[0m 67.868 ms - -[0m
2026-07-15 11:54:32: [0mGET /api/admin/members?page=1&limit=10&search=&category=&zone= [36m304[0m 72.849 ms - -[0m
2026-07-15 11:54:32: [0mGET /api/admin/members?page=1&limit=10&search=&category=&zone= [36m304[0m 72.711 ms - -[0m
2026-07-15 11:54:38: [0mGET /api/admin/members?page=1&limit=10&search=&category=sanatani-sena&zone= [32m200[0m 71.585 ms - 49[0m
2026-07-15 11:54:39: [0mGET /api/admin/members?page=1&limit=10&search=&category=vigilance&zone= [32m200[0m 75.199 ms - 49[0m
2026-07-15 11:54:45: [0mPOST /api/membership/register [31m500[0m 208.930 ms - 913[0m
2026-07-15 11:56:10: [0mGET /api/admin/members?search=&category=vigilance&zone=&exportCsv=true&Authorization=Bearer%20eyJhbGciOiJIUzI1NiIsInR5cCI6IkpXVCJ9.eyJpZCI6IjZhNTcyMzU3ODg4ZmM4NmU4ZGM0OTM3ZiIsInJvbGUiOiJhZG1pbiIsImlhdCI6MTc4NDA5NjEwNiwiZXhwIjoxNzg2Njg4MTA2fQ.zztK23dIl8Lj9PJK4dTeZdFCmj8q6hSJ4hU7pyV40OI [33m401[0m 0.774 ms - 63[0m
2026-07-15 12:37:50: [0mGET /api/admin/me [36m304[0m 31.096 ms - -[0m
2026-07-15 12:37:50: [0mGET /api/admin/me [36m304[0m 23.136 ms - -[0m
2026-07-15 12:37:53: [0mGET /api/admin/members?page=1&limit=10&search=&category=&zone= [0m-[0m - ms - -[0m
2026-07-15 12:37:53: [0mGET /api/admin/members?page=1&limit=10&search=&category=&zone= [0m-[0m - ms - -[0m
2026-07-15 12:37:55: [0mGET /api/admin/me [36m304[0m 27.608 ms - -[0m
2026-07-15 12:37:55: [0mGET /api/admin/me [36m304[0m 25.673 ms - -[0m
2026-07-15 12:37:55: [0mGET /api/admin/members?page=1&limit=10&search=&category=&zone= [32m200[0m 79.102 ms - 49[0m
2026-07-15 12:37:55: [0mGET /api/admin/members?page=1&limit=10&search=&category=&zone= [36m304[0m 77.928 ms - -[0m
2026-07-15 12:45:25: [DEVELOPMENT MODE] OTP Code sent to 8758145858 (purpose: register, method: sms): 123456
2026-07-15 12:45:26: [0mPOST /api/auth/send-otp [32m200[0m 215.883 ms - 79[0m
2026-07-15 12:46:31: [DEVELOPMENT MODE] OTP Code sent to 8758145858 (purpose: membership, method: sms): 123456
2026-07-15 12:46:31: [0mPOST /api/auth/send-otp [32m200[0m 172.384 ms - 79[0m
2026-07-15 12:48:57: [0mGET /api/admin/me [36m304[0m 31.277 ms - -[0m
2026-07-15 12:48:57: [0mGET /api/admin/me [36m304[0m 27.115 ms - -[0m
2026-07-15 12:48:57: [0mGET /api/admin/members?page=1&limit=10&search=&category=&zone= [36m304[0m 72.062 ms - -[0m
2026-07-15 12:48:57: [0mGET /api/admin/members?page=1&limit=10&search=&category=&zone= [36m304[0m 76.376 ms - -[0m
2026-07-15 12:48:59: [0mGET /api/admin/membership-applications?page=1&limit=10&search=&status=pending [32m200[0m 82.424 ms - 1041[0m
2026-07-15 12:48:59: [0mGET /api/admin/membership-applications?page=1&limit=10&search=&status=pending [36m304[0m 81.675 ms - -[0m
2026-07-15 13:59:40: [0mGET /api/admin/me [36m304[0m 926.277 ms - -[0m
2026-07-15 13:59:40: [0mGET /api/admin/me [36m304[0m 25.414 ms - -[0m
2026-07-15 13:59:40: [0mGET /api/admin/membership-applications?page=1&limit=10&search=&status=pending [32m200[0m 81.194 ms - 1041[0m
2026-07-15 13:59:40: [0mGET /api/admin/membership-applications?page=1&limit=10&search=&status=pending [36m304[0m 75.181 ms - -[0m
2026-07-15 14:07:42: -----------------------------------------
2026-07-15 14:07:42: MongoDB configuration found: yes
2026-07-15 14:07:42: OTP mode: live
2026-07-15 14:07:42: Fast2SMS configured: yes
2026-07-15 14:07:42: Razorpay mode: test
2026-07-15 14:07:42: Razorpay configured: yes
2026-07-15 14:07:42: -----------------------------------------
2026-07-15 14:08:04: -----------------------------------------
2026-07-15 14:08:04: MongoDB configuration found: yes
2026-07-15 14:08:04: OTP mode: live
2026-07-15 14:08:04: Fast2SMS configured: yes
2026-07-15 14:08:04: Razorpay mode: test
2026-07-15 14:08:04: Razorpay configured: yes
2026-07-15 14:08:04: -----------------------------------------
2026-07-15 14:10:28: -----------------------------------------
2026-07-15 14:10:28: MongoDB URI: configured
2026-07-15 14:10:28: JWT secret: configured
2026-07-15 14:10:28: OTP mode: test
2026-07-15 14:10:28: Fast2SMS key: configured
2026-07-15 14:10:28: Fast2SMS OTP ID: configured
2026-07-15 14:10:28: Razorpay mode: live
2026-07-15 14:10:28: Razorpay live key: configured
2026-07-15 14:10:28: -----------------------------------------
2026-07-15 14:10:36: -----------------------------------------
2026-07-15 14:10:36: MongoDB URI: configured
2026-07-15 14:10:36: JWT secret: configured
2026-07-15 14:10:36: OTP mode: test
2026-07-15 14:10:36: Fast2SMS key: configured
2026-07-15 14:10:36: Fast2SMS OTP ID: configured
2026-07-15 14:10:36: Razorpay mode: live
2026-07-15 14:10:36: Razorpay live key: configured
2026-07-15 14:10:36: -----------------------------------------
2026-07-15 14:10:43: -----------------------------------------
2026-07-15 14:10:43: MongoDB URI: configured
2026-07-15 14:10:43: JWT secret: configured
2026-07-15 14:10:43: OTP mode: test
2026-07-15 14:10:43: Fast2SMS key: configured
2026-07-15 14:10:43: Fast2SMS OTP ID: configured
2026-07-15 14:10:43: Razorpay mode: live
2026-07-15 14:10:43: Razorpay live key: configured
2026-07-15 14:10:43: -----------------------------------------
2026-07-15 14:10:51: -----------------------------------------
2026-07-15 14:10:51: MongoDB URI: configured
2026-07-15 14:10:51: JWT secret: configured
2026-07-15 14:10:51: OTP mode: test
2026-07-15 14:10:51: Fast2SMS key: configured
2026-07-15 14:10:51: Fast2SMS OTP ID: configured
2026-07-15 14:10:51: Razorpay mode: live
2026-07-15 14:10:51: Razorpay live key: configured
2026-07-15 14:10:51: -----------------------------------------
2026-07-15 14:10:59: -----------------------------------------
2026-07-15 14:10:59: MongoDB URI: configured
2026-07-15 14:10:59: JWT secret: configured
2026-07-15 14:10:59: OTP mode: test
2026-07-15 14:10:59: Fast2SMS key: configured
2026-07-15 14:10:59: Fast2SMS OTP ID: configured
2026-07-15 14:10:59: Razorpay mode: live
2026-07-15 14:10:59: Razorpay live key: configured
2026-07-15 14:10:59: -----------------------------------------
2026-07-15 14:11:07: -----------------------------------------
2026-07-15 14:11:07: MongoDB URI: configured
2026-07-15 14:11:07: JWT secret: configured
2026-07-15 14:11:07: OTP mode: test
2026-07-15 14:11:07: Fast2SMS key: configured
2026-07-15 14:11:07: Fast2SMS OTP ID: configured
2026-07-15 14:11:07: Razorpay mode: live
2026-07-15 14:11:07: Razorpay live key: configured
2026-07-15 14:11:07: -----------------------------------------
2026-07-15 14:11:13: -----------------------------------------
2026-07-15 14:11:13: MongoDB URI: configured
2026-07-15 14:11:13: JWT secret: configured
2026-07-15 14:11:13: OTP mode: test
2026-07-15 14:11:13: Fast2SMS key: configured
2026-07-15 14:11:13: Fast2SMS OTP ID: configured
2026-07-15 14:11:13: Razorpay mode: live
2026-07-15 14:11:13: Razorpay live key: configured
2026-07-15 14:11:13: -----------------------------------------
2026-07-15 14:11:14: MongoDB Connected: ac-dgo49yj-shard-00-00.pryutjv.mongodb.net
2026-07-15 14:11:14: Server running on port 5000
2026-07-15 14:11:32: [0mGET /api/health [32m200[0m 5.241 ms - 61[0m
2026-07-15 14:17:58: [0mGET / [32m200[0m 1.551 ms - 85[0m
2026-07-15 14:17:59: [0mGET /favicon.ico [33m404[0m 3.173 ms - 150[0m
2026-07-15 14:19:02: [0mGET /api/festivals/home [36m304[0m 72.297 ms - -[0m
2026-07-15 14:19:02: [0mGET /api/festivals/home [36m304[0m 58.251 ms - -[0m
2026-07-15 15:36:22: [0mGET /api/admin/dashboard/stats [33m401[0m 16.294 ms - 58[0m
2026-07-15 15:36:22: [0mGET /api/admin/dashboard/stats [33m401[0m 2.767 ms - 58[0m
2026-07-15 15:36:45: [TEST MODE] OTP Code for 8758145858: 123456
2026-07-15 15:36:45: [0mPOST /api/auth/send-otp [32m200[0m 291.298 ms - 111[0m
2026-07-15 15:36:51: [0mPOST /api/auth/verify-otp [32m200[0m 29.484 ms - 245[0m
2026-07-15 15:49:56: [0mGET /api/health [32m200[0m 0.792 ms - 61[0m
2026-07-15 15:50:14: [TEST MODE] OTP Code for 8758145858: 123456
2026-07-15 15:50:14: [0mPOST /api/auth/send-otp [32m200[0m 211.007 ms - 111[0m
