2026-07-14 13:54:38: Error: listen EADDRINUSE: address already in use :::5000
2026-07-14 13:54:38:     at Server.setupListenHandle [as _listen2] (node:net:2009:16)
2026-07-14 13:54:38:     at listenInCluster (node:net:2066:12)
2026-07-14 13:54:38:     at Server.listen (node:net:2171:7)
2026-07-14 13:54:38:     at app.listen (C:\Users\hp\Desktop\Sanatan\backend\node_modules\express\lib\application.js:635:24)
2026-07-14 13:54:38:     at Object.<anonymous> (C:\Users\hp\Desktop\Sanatan\backend\server.js:102:5)
2026-07-14 13:54:38:     at Module._compile (node:internal/modules/cjs/loader:1871:14)
2026-07-14 13:54:38:     at Object..js (node:internal/modules/cjs/loader:2002:10)
2026-07-14 13:54:38:     at Module.load (node:internal/modules/cjs/loader:1594:32)
2026-07-14 13:54:38:     at Module._load (node:internal/modules/cjs/loader:1396:12)
2026-07-14 13:54:38:     at Object.<anonymous> (C:\Users\hp\AppData\Roaming\npm\node_modules\pm2\lib\ProcessContainerFork.js:32:23) {
2026-07-14 13:54:38:   code: 'EADDRINUSE',
2026-07-14 13:54:38:   errno: -4091,
2026-07-14 13:54:38:   syscall: 'listen',
2026-07-14 13:54:38:   address: '::',
2026-07-14 13:54:38:   port: 5000
2026-07-14 13:54:38: }
2026-07-14 14:09:58: Database connection error: Could not connect to any servers in your MongoDB Atlas cluster. One common reason is that you're trying to access the database from an IP that isn't whitelisted. Make sure your current IP address is on your Atlas cluster's IP whitelist: https://www.mongodb.com/docs/atlas/security-whitelist/
2026-07-14 14:09:58: Backend server is running in offline database fallback mode.
2026-07-14 14:15:51: MongoDB is offline. Saving OTP session in-memory.
2026-07-14 14:17:59: MongoDB is offline. Saving membership application in-memory.
2026-07-14 14:19:14: MongoDB is offline. Saving donation in-memory.
2026-07-14 14:21:14: MongoDB is offline. Saving donation in-memory.
2026-07-14 14:22:44: MongoDB is offline. Saving OTP session in-memory.
2026-07-14 14:23:49: MongoDB is offline. Saving membership application in-memory.
2026-07-14 14:41:57: MongooseError: Operation `users.findOne()` buffering timed out after 10000ms
2026-07-14 14:41:57:     at Timeout.<anonymous> (C:\Users\hp\Desktop\Sanatan\backend\node_modules\mongoose\lib\drivers\node-mongodb-native\collection.js:187:23)
2026-07-14 14:41:57:     at listOnTimeout (node:internal/timers:605:17)
2026-07-14 14:41:57:     at process.processTimers (node:internal/timers:541:7)
2026-07-14 15:21:11: MongooseError: Operation `users.findOne()` buffering timed out after 10000ms
2026-07-14 15:21:11:     at Timeout.<anonymous> (C:\Users\hp\Desktop\Sanatan\backend\node_modules\mongoose\lib\drivers\node-mongodb-native\collection.js:187:23)
2026-07-14 15:21:11:     at listOnTimeout (node:internal/timers:605:17)
2026-07-14 15:21:11:     at process.processTimers (node:internal/timers:541:7)
2026-07-14 15:21:25: MongooseError: Operation `users.findOne()` buffering timed out after 10000ms
2026-07-14 15:21:25:     at Timeout.<anonymous> (C:\Users\hp\Desktop\Sanatan\backend\node_modules\mongoose\lib\drivers\node-mongodb-native\collection.js:187:23)
2026-07-14 15:21:25:     at listOnTimeout (node:internal/timers:605:17)
2026-07-14 15:21:25:     at process.processTimers (node:internal/timers:541:7)
2026-07-14 15:22:02: MongooseError: Operation `users.findOne()` buffering timed out after 10000ms
2026-07-14 15:22:02:     at Timeout.<anonymous> (C:\Users\hp\Desktop\Sanatan\backend\node_modules\mongoose\lib\drivers\node-mongodb-native\collection.js:187:23)
2026-07-14 15:22:02:     at listOnTimeout (node:internal/timers:605:17)
2026-07-14 15:22:02:     at process.processTimers (node:internal/timers:541:7)
2026-07-14 18:14:39: MongoDB is offline. Saving OTP session in-memory.
